<?xml version="1.0" encoding="UTF-8"?>
<testsuite xmlns:xsi="http://www.w3.org/2001/XMLSchema-instance" xsi:noNamespaceSchemaLocation="https://maven.apache.org/surefire/maven-surefire-plugin/xsd/surefire-test-report-3.0.xsd" version="3.0" name="test.exercises.Exercise2Test" time="0.075" tests="7" errors="2" skipped="0" failures="0">
  <properties>
[...]
</properties>
  <testcase name="directSQLInjection" classname="test.exercises.Exercise2Test" time="0.0">
    <system-out><![CDATA[Initial Seeds: {this := @this: target.exercise1.DirectSQLInjection=[<ZERO>]}
Method :<target.exercise1.DirectSQLInjection: void doGet(target.exercise1.HttpServletRequest)>, Stmt(line:10) this := @this: target.exercise1.DirectSQLInjection, Fact: <ZERO>
Method :<target.exercise1.DirectSQLInjection: void doGet(target.exercise1.HttpServletRequest)>, Stmt(line:10) request := @parameter0: target.exercise1.HttpServletRequest, Fact: <ZERO>
Method :<target.exercise1.HttpServletRequest: java.lang.String getParameter(java.lang.String)>, Stmt(line:6) this := @this: target.exercise1.HttpServletRequest, Fact: <ZERO>
Method :<target.exercise1.HttpServletRequest: java.lang.String getParameter(java.lang.String)>, Stmt(line:6) string := @parameter0: java.lang.String, Fact: <ZERO>
Method :<target.exercise1.DirectSQLInjection: void doGet(target.exercise1.HttpServletRequest)>, Stmt(line:10) userId#0 = virtualinvoke request.<target.exercise1.HttpServletRequest: java.lang.String getParameter(java.lang.String)>("userId"), Fact: <ZERO>
Method :<target.exercise1.DirectSQLInjection: void doGet(target.exercise1.HttpServletRequest)>, Stmt(line:13) $stack6 = new java.lang.StringBuilder, Fact: <ZERO>
Method :<target.exercise1.DirectSQLInjection: void doGet(target.exercise1.HttpServletRequest)>, Stmt(line:13) $stack6 = new java.lang.StringBuilder, Fact: userId#0
Method :<target.exercise1.DirectSQLInjection: void doGet(target.exercise1.HttpServletRequest)>, Stmt(line:17) goto, Fact: $stack8
Method :<target.exercise1.DirectSQLInjection: void doGet(target.exercise1.HttpServletRequest)>, Stmt(line:17) goto, Fact: <ZERO>
Method :<target.exercise1.DirectSQLInjection: void doGet(target.exercise1.HttpServletRequest)>, Stmt(line:17) goto, Fact: userId#0
Method :<target.exercise1.DirectSQLInjection: void doGet(target.exercise1.HttpServletRequest)>, Stmt(line:17) goto, Fact: $stack9
Method :<target.exercise1.DirectSQLInjection: void doGet(target.exercise1.HttpServletRequest)>, Stmt(line:17) goto, Fact: query
]]></system-out>
  </testcase>
  <testcase name="assignmentSQLInjection" classname="test.exercises.Exercise2Test" time="0.001">
    <system-out><![CDATA[Initial Seeds: {this := @this: target.exercise1.AssignmentSQLInjection=[<ZERO>]}
Method :<target.exercise1.AssignmentSQLInjection: void doGet(target.exercise1.HttpServletRequest)>, Stmt(line:9) this := @this: target.exercise1.AssignmentSQLInjection, Fact: <ZERO>
Method :<target.exercise1.AssignmentSQLInjection: void doGet(target.exercise1.HttpServletRequest)>, Stmt(line:9) request := @parameter0: target.exercise1.HttpServletRequest, Fact: <ZERO>
Method :<target.exercise1.HttpServletRequest: java.lang.String getParameter(java.lang.String)>, Stmt(line:6) this := @this: target.exercise1.HttpServletRequest, Fact: <ZERO>
Method :<target.exercise1.AssignmentSQLInjection: void doGet(target.exercise1.HttpServletRequest)>, Stmt(line:10) alias = userId, Fact: <ZERO>
Method :<target.exercise1.HttpServletRequest: java.lang.String getParameter(java.lang.String)>, Stmt(line:6) string := @parameter0: java.lang.String, Fact: <ZERO>
Method :<target.exercise1.AssignmentSQLInjection: void doGet(target.exercise1.HttpServletRequest)>, Stmt(line:10) alias = userId, Fact: userId
Method :<target.exercise1.AssignmentSQLInjection: void doGet(target.exercise1.HttpServletRequest)>, Stmt(line:9) userId = virtualinvoke request.<target.exercise1.HttpServletRequest: java.lang.String getParameter(java.lang.String)>("userId"), Fact: <ZERO>
Method :<target.exercise1.AssignmentSQLInjection: void doGet(target.exercise1.HttpServletRequest)>, Stmt(line:14) $stack7 = new java.lang.StringBuilder, Fact: <ZERO>
Method :<target.exercise1.AssignmentSQLInjection: void doGet(target.exercise1.HttpServletRequest)>, Stmt(line:14) $stack7 = new java.lang.StringBuilder, Fact: userId
Method :<target.exercise1.AssignmentSQLInjection: void doGet(target.exercise1.HttpServletRequest)>, Stmt(line:14) $stack7 = new java.lang.StringBuilder, Fact: alias
Method :<target.exercise1.AssignmentSQLInjection: void doGet(target.exercise1.HttpServletRequest)>, Stmt(line:18) goto, Fact: $stack10
Method :<target.exercise1.AssignmentSQLInjection: void doGet(target.exercise1.HttpServletRequest)>, Stmt(line:18) goto, Fact: $stack9
Method :<target.exercise1.AssignmentSQLInjection: void doGet(target.exercise1.HttpServletRequest)>, Stmt(line:18) goto, Fact: alias
Method :<target.exercise1.AssignmentSQLInjection: void doGet(target.exercise1.HttpServletRequest)>, Stmt(line:18) goto, Fact: userId
Method :<target.exercise1.AssignmentSQLInjection: void doGet(target.exercise1.HttpServletRequest)>, Stmt(line:18) goto, Fact: <ZERO>
Method :<target.exercise1.AssignmentSQLInjection: void doGet(target.exercise1.HttpServletRequest)>, Stmt(line:18) goto, Fact: query
Method :<target.exercise1.AssignmentSQLInjection: void doGet(target.exercise1.HttpServletRequest)>, Stmt(line:19) $stack11 = <java.lang.System: java.io.PrintStream out>, Fact: <ZERO>
Method :<target.exercise1.AssignmentSQLInjection: void doGet(target.exercise1.HttpServletRequest)>, Stmt(line:19) $stack11 = <java.lang.System: java.io.PrintStream out>, Fact: userId
Method :<target.exercise1.AssignmentSQLInjection: void doGet(target.exercise1.HttpServletRequest)>, Stmt(line:19) $stack11 = <java.lang.System: java.io.PrintStream out>, Fact: $stack9
Method :<target.exercise1.AssignmentSQLInjection: void doGet(target.exercise1.HttpServletRequest)>, Stmt(line:19) $stack11 = <java.lang.System: java.io.PrintStream out>, Fact: alias
Method :<target.exercise1.AssignmentSQLInjection: void doGet(target.exercise1.HttpServletRequest)>, Stmt(line:19) $stack11 = <java.lang.System: java.io.PrintStream out>, Fact: $stack10
Method :<target.exercise1.AssignmentSQLInjection: void doGet(target.exercise1.HttpServletRequest)>, Stmt(line:19) $stack11 = <java.lang.System: java.io.PrintStream out>, Fact: query
Method :<target.exercise1.AssignmentSQLInjection: void doGet(target.exercise1.HttpServletRequest)>, Stmt(line:20) $stack12 = <java.lang.System: java.io.PrintStream out>, Fact: userId
Method :<target.exercise1.AssignmentSQLInjection: void doGet(target.exercise1.HttpServletRequest)>, Stmt(line:20) $stack12 = <java.lang.System: java.io.PrintStream out>, Fact: $stack9
Method :<target.exercise1.AssignmentSQLInjection: void doGet(target.exercise1.HttpServletRequest)>, Stmt(line:20) $stack12 = <java.lang.System: java.io.PrintStream out>, Fact: query
Method :<target.exercise1.AssignmentSQLInjection: void doGet(target.exercise1.HttpServletRequest)>, Stmt(line:20) $stack12 = <java.lang.System: java.io.PrintStream out>, Fact: alias
Method :<target.exercise1.AssignmentSQLInjection: void doGet(target.exercise1.HttpServletRequest)>, Stmt(line:20) $stack12 = <java.lang.System: java.io.PrintStream out>, Fact: $stack10
Method :<target.exercise1.AssignmentSQLInjection: void doGet(target.exercise1.HttpServletRequest)>, Stmt(line:20) $stack12 = <java.lang.System: java.io.PrintStream out>, Fact: <ZERO>
]]></system-out>
  </testcase>
  <testcase name="noSQLInjection" classname="test.exercises.Exercise2Test" time="0.007">
    <system-out><![CDATA[Initial Seeds: {this := @this: target.exercise1.NoSQLInjection=[<ZERO>]}
Method :<target.exercise1.NoSQLInjection: void doGet(target.exercise1.HttpServletRequest)>, Stmt(line:9) this := @this: target.exercise1.NoSQLInjection, Fact: <ZERO>
Method :<target.exercise1.NoSQLInjection: void doGet(target.exercise1.HttpServletRequest)>, Stmt(line:9) request := @parameter0: target.exercise1.HttpServletRequest, Fact: <ZERO>
Method :<target.exercise1.HttpServletRequest: java.lang.String getParameter(java.lang.String)>, Stmt(line:6) this := @this: target.exercise1.HttpServletRequest, Fact: <ZERO>
Method :<target.exercise1.HttpServletRequest: java.lang.String getParameter(java.lang.String)>, Stmt(line:6) string := @parameter0: java.lang.String, Fact: <ZERO>
Method :<target.exercise1.NoSQLInjection: void doGet(target.exercise1.HttpServletRequest)>, Stmt(line:9) userId = virtualinvoke request.<target.exercise1.HttpServletRequest: java.lang.String getParameter(java.lang.String)>("userId"), Fact: <ZERO>
Method :<target.exercise1.NoSQLInjection: void doGet(target.exercise1.HttpServletRequest)>, Stmt(line:17) goto, Fact: userId
Method :<target.exercise1.NoSQLInjection: void doGet(target.exercise1.HttpServletRequest)>, Stmt(line:17) goto, Fact: <ZERO>
]]></system-out>
  </testcase>
  <testcase name="interproceduralSQLInjection" classname="test.exercises.Exercise2Test" time="0.014">
    <system-out><![CDATA[Initial Seeds: {this := @this: target.exercise1.InterproceduralSQLInjection=[<ZERO>]}
Method :<target.exercise1.InterproceduralSQLInjection: void doGet(target.exercise1.HttpServletRequest)>, Stmt(line:9) this := @this: target.exercise1.InterproceduralSQLInjection, Fact: <ZERO>
Method :<target.exercise1.InterproceduralSQLInjection: void doGet(target.exercise1.HttpServletRequest)>, Stmt(line:9) request := @parameter0: target.exercise1.HttpServletRequest, Fact: <ZERO>
Method :<target.exercise1.HttpServletRequest: java.lang.String getParameter(java.lang.String)>, Stmt(line:6) this := @this: target.exercise1.HttpServletRequest, Fact: <ZERO>
Method :<target.exercise1.InterproceduralSQLInjection: void doGet(target.exercise1.HttpServletRequest)>, Stmt(line:10) specialinvoke this.<target.exercise1.InterproceduralSQLInjection: void createQuery(java.lang.String)>(userId), Fact: userId
Method :<target.exercise1.HttpServletRequest: java.lang.String getParameter(java.lang.String)>, Stmt(line:6) string := @parameter0: java.lang.String, Fact: <ZERO>
Method :<target.exercise1.InterproceduralSQLInjection: void createQuery(java.lang.String)>, Stmt(line:15) this := @this: target.exercise1.InterproceduralSQLInjection, Fact: <ZERO>
Method :<target.exercise1.InterproceduralSQLInjection: void createQuery(java.lang.String)>, Stmt(line:-1) $stack9 := @caughtexception, Fact: <ZERO>
Method :<target.exercise1.InterproceduralSQLInjection: void doGet(target.exercise1.HttpServletRequest)>, Stmt(line:9) userId = virtualinvoke request.<target.exercise1.HttpServletRequest: java.lang.String getParameter(java.lang.String)>("userId"), Fact: <ZERO>
Method :<target.exercise1.InterproceduralSQLInjection: void createQuery(java.lang.String)>, Stmt(line:15) parameter := @parameter0: java.lang.String, Fact: <ZERO>
Method :<target.exercise1.InterproceduralSQLInjection: void createQuery(java.lang.String)>, Stmt(line:19) conn#1 = $stack9, Fact: <ZERO>
Method :<target.exercise1.InterproceduralSQLInjection: void createQuery(java.lang.String)>, Stmt(line:20) $stack10 = <java.lang.System: java.io.PrintStream out>, Fact: <ZERO>
Method :<target.exercise1.InterproceduralSQLInjection: void doGet(target.exercise1.HttpServletRequest)>, Stmt(line:10) specialinvoke this.<target.exercise1.InterproceduralSQLInjection: void createQuery(java.lang.String)>(userId), Fact: <ZERO>
Method :<target.exercise1.InterproceduralSQLInjection: void createQuery(java.lang.String)>, Stmt(line:17) $stack5 = new java.lang.StringBuilder, Fact: <ZERO>
Method :<target.exercise1.InterproceduralSQLInjection: void createQuery(java.lang.String)>, Stmt(line:21) goto, Fact: <ZERO>
Method :<target.exercise1.InterproceduralSQLInjection: void createQuery(java.lang.String)>, Stmt(line:15) this := @this: target.exercise1.InterproceduralSQLInjection, Fact: parameter
Method :<target.exercise1.InterproceduralSQLInjection: void createQuery(java.lang.String)>, Stmt(line:-1) $stack9 := @caughtexception, Fact: parameter
Method :<target.exercise1.InterproceduralSQLInjection: void createQuery(java.lang.String)>, Stmt(line:19) conn#1 = $stack9, Fact: parameter
Method :<target.exercise1.InterproceduralSQLInjection: void createQuery(java.lang.String)>, Stmt(line:15) parameter := @parameter0: java.lang.String, Fact: parameter
Method :<target.exercise1.InterproceduralSQLInjection: void createQuery(java.lang.String)>, Stmt(line:20) $stack10 = <java.lang.System: java.io.PrintStream out>, Fact: parameter
Method :<target.exercise1.InterproceduralSQLInjection: void createQuery(java.lang.String)>, Stmt(line:17) $stack5 = new java.lang.StringBuilder, Fact: parameter
Method :<target.exercise1.InterproceduralSQLInjection: void doGet(target.exercise1.HttpServletRequest)>, Stmt(line:10) specialinvoke this.<target.exercise1.InterproceduralSQLInjection: void createQuery(java.lang.String)>(userId), Fact: parameter
Method :<target.exercise1.InterproceduralSQLInjection: void createQuery(java.lang.String)>, Stmt(line:21) goto, Fact: query
Method :<target.exercise1.InterproceduralSQLInjection: void createQuery(java.lang.String)>, Stmt(line:21) goto, Fact: parameter
Method :<target.exercise1.InterproceduralSQLInjection: void createQuery(java.lang.String)>, Stmt(line:21) goto, Fact: $stack8
Method :<target.exercise1.InterproceduralSQLInjection: void createQuery(java.lang.String)>, Stmt(line:21) goto, Fact: $stack7
Method :<target.exercise1.InterproceduralSQLInjection: void doGet(target.exercise1.HttpServletRequest)>, Stmt(line:10) specialinvoke this.<target.exercise1.InterproceduralSQLInjection: void createQuery(java.lang.String)>(userId), Fact: query
Method :<target.exercise1.InterproceduralSQLInjection: void doGet(target.exercise1.HttpServletRequest)>, Stmt(line:10) specialinvoke this.<target.exercise1.InterproceduralSQLInjection: void createQuery(java.lang.String)>(userId), Fact: $stack8
Method :<target.exercise1.InterproceduralSQLInjection: void doGet(target.exercise1.HttpServletRequest)>, Stmt(line:10) specialinvoke this.<target.exercise1.InterproceduralSQLInjection: void createQuery(java.lang.String)>(userId), Fact: $stack7
Method :<target.exercise1.InterproceduralSQLInjection: void doGet(target.exercise1.HttpServletRequest)>, Stmt(line:10) specialinvoke this.<target.exercise1.InterproceduralSQLInjection: void createQuery(java.lang.String)>(userId), Fact: userId
]]></system-out>
  </testcase>
  <testcase name="fieldBasedImpreciseTest" classname="test.exercises.Exercise2Test" time="0.021">
    <error message="Analysis does not contain the fact &apos;FIELDBASED &lt;target.exercise2and3.FieldNoSQLInjection$ObjectWithTaint: java.lang.String userInput&gt;&apos;." type="java.util.NoSuchElementException"><![CDATA[java.util.NoSuchElementException: Analysis does not contain the fact 'FIELDBASED <target.exercise2and3.FieldNoSQLInjection$ObjectWithTaint: java.lang.String userInput>'.
	at test.base.TestSetup.assertContainsDataFlowFactAtStmt(TestSetup.java:61)
	at test.exercises.Exercise2Test.fieldBasedImpreciseTest(Exercise2Test.java:50)
	at java.base/jdk.internal.reflect.DirectMethodHandleAccessor.invoke(DirectMethodHandleAccessor.java:103)
	at java.base/java.lang.reflect.Method.invoke(Method.java:580)
	at org.junit.runners.model.FrameworkMethod$1.runReflectiveCall(FrameworkMethod.java:59)
	at org.junit.internal.runners.model.ReflectiveCallable.run(ReflectiveCallable.java:12)
	at org.junit.runners.model.FrameworkMethod.invokeExplosively(FrameworkMethod.java:56)
	at org.junit.internal.runners.statements.InvokeMethod.evaluate(InvokeMethod.java:17)
	at org.junit.internal.runners.statements.RunBefores.evaluate(RunBefores.java:26)
	at org.junit.runners.ParentRunner$3.evaluate(ParentRunner.java:306)
	at org.junit.runners.BlockJUnit4ClassRunner$1.evaluate(BlockJUnit4ClassRunner.java:100)
	at org.junit.runners.ParentRunner.runLeaf(ParentRunner.java:366)
	at org.junit.runners.BlockJUnit4ClassRunner.runChild(BlockJUnit4ClassRunner.java:103)
	at org.junit.runners.BlockJUnit4ClassRunner.runChild(BlockJUnit4ClassRunner.java:63)
	at org.junit.runners.ParentRunner$4.run(ParentRunner.java:331)
	at org.junit.runners.ParentRunner$1.schedule(ParentRunner.java:79)
	at org.junit.runners.ParentRunner.runChildren(ParentRunner.java:329)
	at org.junit.runners.ParentRunner.access$100(ParentRunner.java:66)
	at org.junit.runners.ParentRunner$2.evaluate(ParentRunner.java:293)
	at org.junit.runners.ParentRunner$3.evaluate(ParentRunner.java:306)
	at org.junit.runners.ParentRunner.run(ParentRunner.java:413)
	at org.apache.maven.surefire.junit4.JUnit4Provider.execute(JUnit4Provider.java:316)
	at org.apache.maven.surefire.junit4.JUnit4Provider.executeWithRerun(JUnit4Provider.java:240)
	at org.apache.maven.surefire.junit4.JUnit4Provider.executeTestSet(JUnit4Provider.java:214)
	at org.apache.maven.surefire.junit4.JUnit4Provider.invoke(JUnit4Provider.java:155)
	at org.apache.maven.surefire.booter.ForkedBooter.runSuitesInProcess(ForkedBooter.java:385)
	at org.apache.maven.surefire.booter.ForkedBooter.execute(ForkedBooter.java:162)
	at org.apache.maven.surefire.booter.ForkedBooter.run(ForkedBooter.java:507)
	at org.apache.maven.surefire.booter.ForkedBooter.main(ForkedBooter.java:495)
]]></error>
    <system-out><![CDATA[Initial Seeds: {this := @this: target.exercise2and3.FieldNoSQLInjection=[<ZERO>]}
Method :<target.exercise2and3.FieldNoSQLInjection: void doGet(target.exercise1.HttpServletRequest)>, Stmt(line:11) this := @this: target.exercise2and3.FieldNoSQLInjection, Fact: <ZERO>
Method :<target.exercise2and3.FieldNoSQLInjection: void doGet(target.exercise1.HttpServletRequest)>, Stmt(line:11) request := @parameter0: target.exercise1.HttpServletRequest, Fact: <ZERO>
Method :<target.exercise1.HttpServletRequest: java.lang.String getParameter(java.lang.String)>, Stmt(line:6) this := @this: target.exercise1.HttpServletRequest, Fact: <ZERO>
Method :<target.exercise2and3.FieldNoSQLInjection: void doGet(target.exercise1.HttpServletRequest)>, Stmt(line:12) $stack5 = new target.exercise2and3.FieldNoSQLInjection$ObjectWithTaint, Fact: <ZERO>
Method :<target.exercise2and3.FieldNoSQLInjection: void doGet(target.exercise1.HttpServletRequest)>, Stmt(line:12) $stack5 = new target.exercise2and3.FieldNoSQLInjection$ObjectWithTaint, Fact: userId
Method :<target.exercise1.HttpServletRequest: java.lang.String getParameter(java.lang.String)>, Stmt(line:6) string := @parameter0: java.lang.String, Fact: <ZERO>
Method :<target.exercise2and3.FieldNoSQLInjection: void doGet(target.exercise1.HttpServletRequest)>, Stmt(line:12) specialinvoke $stack5.<target.exercise2and3.FieldNoSQLInjection$ObjectWithTaint: void <init>(target.exercise2and3.FieldNoSQLInjection$1)>(null), Fact: userId
Method :<target.exercise2and3.FieldNoSQLInjection$ObjectWithTaint: void <init>(target.exercise2and3.FieldNoSQLInjection$1)>, Stmt(line:30) this := @this: target.exercise2and3.FieldNoSQLInjection$ObjectWithTaint, Fact: <ZERO>
Method :<target.exercise2and3.FieldNoSQLInjection: void doGet(target.exercise1.HttpServletRequest)>, Stmt(line:12) o = $stack5, Fact: <ZERO>
Method :<target.exercise2and3.FieldNoSQLInjection: void doGet(target.exercise1.HttpServletRequest)>, Stmt(line:11) userId = virtualinvoke request.<target.exercise1.HttpServletRequest: java.lang.String getParameter(java.lang.String)>("userId"), Fact: <ZERO>
Method :<target.exercise2and3.FieldNoSQLInjection: void doGet(target.exercise1.HttpServletRequest)>, Stmt(line:12) o = $stack5, Fact: userId
Method :<target.exercise2and3.FieldNoSQLInjection$ObjectWithTaint: void <init>(target.exercise2and3.FieldNoSQLInjection$1)>, Stmt(line:30) x0 := @parameter0: target.exercise2and3.FieldNoSQLInjection$1, Fact: <ZERO>
Method :<target.exercise2and3.FieldNoSQLInjection: void doGet(target.exercise1.HttpServletRequest)>, Stmt(line:13) $stack5.<target.exercise2and3.FieldNoSQLInjection$ObjectWithTaint: java.lang.String userInput> = userId, Fact: <ZERO>
Method :<target.exercise2and3.FieldNoSQLInjection$ObjectWithTaint: void <init>()>, Stmt(line:30) this := @this: target.exercise2and3.FieldNoSQLInjection$ObjectWithTaint, Fact: <ZERO>
Method :<target.exercise2and3.FieldNoSQLInjection: void doGet(target.exercise1.HttpServletRequest)>, Stmt(line:12) specialinvoke $stack5.<target.exercise2and3.FieldNoSQLInjection$ObjectWithTaint: void <init>(target.exercise2and3.FieldNoSQLInjection$1)>(null), Fact: <ZERO>
Method :<target.exercise2and3.FieldNoSQLInjection: void doGet(target.exercise1.HttpServletRequest)>, Stmt(line:14) $stack6 = new target.exercise2and3.FieldNoSQLInjection$ObjectWithTaint, Fact: <ZERO>
Method :<target.exercise2and3.FieldNoSQLInjection: void doGet(target.exercise1.HttpServletRequest)>, Stmt(line:13) $stack5.<target.exercise2and3.FieldNoSQLInjection$ObjectWithTaint: java.lang.String userInput> = userId, Fact: userId
Method :<target.exercise2and3.FieldNoSQLInjection$ObjectWithTaint: void <init>()>, Stmt(line:31) this.<target.exercise2and3.FieldNoSQLInjection$ObjectWithTaint: java.lang.String userInput> = "noUserInput", Fact: <ZERO>
Method :<target.exercise2and3.FieldNoSQLInjection: void doGet(target.exercise1.HttpServletRequest)>, Stmt(line:14) $stack6 = new target.exercise2and3.FieldNoSQLInjection$ObjectWithTaint, Fact: FIELDBASED <target.exercise2and3.FieldNoSQLInjection$ObjectWithTaint: java.lang.String userInput>
Method :<target.exercise2and3.FieldNoSQLInjection$ObjectWithTaint: void <init>(target.exercise2and3.FieldNoSQLInjection$1)>, Stmt(line:30) specialinvoke this.<target.exercise2and3.FieldNoSQLInjection$ObjectWithTaint: void <init>()>(), Fact: <ZERO>
Method :<target.exercise2and3.FieldNoSQLInjection: void doGet(target.exercise1.HttpServletRequest)>, Stmt(line:14) specialinvoke $stack6.<target.exercise2and3.FieldNoSQLInjection$ObjectWithTaint: void <init>(target.exercise2and3.FieldNoSQLInjection$1)>(null), Fact: <ZERO>
Method :<target.exercise2and3.FieldNoSQLInjection: void doGet(target.exercise1.HttpServletRequest)>, Stmt(line:14) specialinvoke $stack6.<target.exercise2and3.FieldNoSQLInjection$ObjectWithTaint: void <init>(target.exercise2and3.FieldNoSQLInjection$1)>(null), Fact: FIELDBASED <target.exercise2and3.FieldNoSQLInjection$ObjectWithTaint: java.lang.String userInput>
Method :<target.exercise2and3.FieldNoSQLInjection: void doGet(target.exercise1.HttpServletRequest)>, Stmt(line:14) $stack6 = new target.exercise2and3.FieldNoSQLInjection$ObjectWithTaint, Fact: userId
Method :<target.exercise2and3.FieldNoSQLInjection: void doGet(target.exercise1.HttpServletRequest)>, Stmt(line:14) specialinvoke $stack6.<target.exercise2and3.FieldNoSQLInjection$ObjectWithTaint: void <init>(target.exercise2and3.FieldNoSQLInjection$1)>(null), Fact: userId
Method :<target.exercise2and3.FieldNoSQLInjection: void doGet(target.exercise1.HttpServletRequest)>, Stmt(line:14) o2 = $stack6, Fact: <ZERO>
Method :<target.exercise2and3.FieldNoSQLInjection: void doGet(target.exercise1.HttpServletRequest)>, Stmt(line:14) o2 = $stack6, Fact: FIELDBASED <target.exercise2and3.FieldNoSQLInjection$ObjectWithTaint: java.lang.String userInput>
Method :<target.exercise2and3.FieldNoSQLInjection: void doGet(target.exercise1.HttpServletRequest)>, Stmt(line:15) specialinvoke this.<target.exercise2and3.FieldNoSQLInjection: void createQuery(target.exercise2and3.FieldNoSQLInjection$ObjectWithTaint)>($stack6), Fact: FIELDBASED <target.exercise2and3.FieldNoSQLInjection$ObjectWithTaint: java.lang.String userInput>
Method :<target.exercise2and3.FieldNoSQLInjection: void doGet(target.exercise1.HttpServletRequest)>, Stmt(line:14) o2 = $stack6, Fact: userId
Method :<target.exercise2and3.FieldNoSQLInjection: void doGet(target.exercise1.HttpServletRequest)>, Stmt(line:15) specialinvoke this.<target.exercise2and3.FieldNoSQLInjection: void createQuery(target.exercise2and3.FieldNoSQLInjection$ObjectWithTaint)>($stack6), Fact: userId
Method :<target.exercise2and3.FieldNoSQLInjection: void createQuery(target.exercise2and3.FieldNoSQLInjection$ObjectWithTaint)>, Stmt(line:19) this := @this: target.exercise2and3.FieldNoSQLInjection, Fact: <ZERO>
Method :<target.exercise2and3.FieldNoSQLInjection: void createQuery(target.exercise2and3.FieldNoSQLInjection$ObjectWithTaint)>, Stmt(line:-1) $stack10 := @caughtexception, Fact: <ZERO>
Method :<target.exercise2and3.FieldNoSQLInjection: void createQuery(target.exercise2and3.FieldNoSQLInjection$ObjectWithTaint)>, Stmt(line:19) parameter := @parameter0: target.exercise2and3.FieldNoSQLInjection$ObjectWithTaint, Fact: <ZERO>
Method :<target.exercise2and3.FieldNoSQLInjection: void createQuery(target.exercise2and3.FieldNoSQLInjection$ObjectWithTaint)>, Stmt(line:25) conn#1 = $stack10, Fact: <ZERO>
Method :<target.exercise2and3.FieldNoSQLInjection: void createQuery(target.exercise2and3.FieldNoSQLInjection$ObjectWithTaint)>, Stmt(line:19) loaded = parameter.<target.exercise2and3.FieldNoSQLInjection$ObjectWithTaint: java.lang.String userInput>, Fact: <ZERO>
Method :<target.exercise2and3.FieldNoSQLInjection: void createQuery(target.exercise2and3.FieldNoSQLInjection$ObjectWithTaint)>, Stmt(line:26) $stack11 = <java.lang.System: java.io.PrintStream out>, Fact: <ZERO>
Method :<target.exercise2and3.FieldNoSQLInjection: void doGet(target.exercise1.HttpServletRequest)>, Stmt(line:15) specialinvoke this.<target.exercise2and3.FieldNoSQLInjection: void createQuery(target.exercise2and3.FieldNoSQLInjection$ObjectWithTaint)>($stack6), Fact: <ZERO>
Method :<target.exercise2and3.FieldNoSQLInjection: void createQuery(target.exercise2and3.FieldNoSQLInjection$ObjectWithTaint)>, Stmt(line:23) $stack6 = new java.lang.StringBuilder, Fact: <ZERO>
Method :<target.exercise2and3.FieldNoSQLInjection: void createQuery(target.exercise2and3.FieldNoSQLInjection$ObjectWithTaint)>, Stmt(line:27) goto, Fact: <ZERO>
Method :<target.exercise2and3.FieldNoSQLInjection: void doGet(target.exercise1.HttpServletRequest)>, Stmt(line:14) specialinvoke $stack6.<target.exercise2and3.FieldNoSQLInjection$ObjectWithTaint: void <init>(target.exercise2and3.FieldNoSQLInjection$1)>(null), Fact: userId
Method :<target.exercise2and3.FieldNoSQLInjection: void doGet(target.exercise1.HttpServletRequest)>, Stmt(line:12) specialinvoke $stack5.<target.exercise2and3.FieldNoSQLInjection$ObjectWithTaint: void <init>(target.exercise2and3.FieldNoSQLInjection$1)>(null), Fact: userId
Method :<target.exercise2and3.FieldNoSQLInjection: void doGet(target.exercise1.HttpServletRequest)>, Stmt(line:15) specialinvoke this.<target.exercise2and3.FieldNoSQLInjection: void createQuery(target.exercise2and3.FieldNoSQLInjection$ObjectWithTaint)>($stack6), Fact: userId
Method :<target.exercise2and3.FieldNoSQLInjection: void doGet(target.exercise1.HttpServletRequest)>, Stmt(line:14) specialinvoke $stack6.<target.exercise2and3.FieldNoSQLInjection$ObjectWithTaint: void <init>(target.exercise2and3.FieldNoSQLInjection$1)>(null), Fact: FIELDBASED <target.exercise2and3.FieldNoSQLInjection$ObjectWithTaint: java.lang.String userInput>
Method :<target.exercise2and3.FieldNoSQLInjection: void doGet(target.exercise1.HttpServletRequest)>, Stmt(line:15) specialinvoke this.<target.exercise2and3.FieldNoSQLInjection: void createQuery(target.exercise2and3.FieldNoSQLInjection$ObjectWithTaint)>($stack6), Fact: FIELDBASED <target.exercise2and3.FieldNoSQLInjection$ObjectWithTaint: java.lang.String userInput>
]]></system-out>
  </testcase>
  <testcase name="fieldSQLInjection1" classname="test.exercises.Exercise2Test" time="0.015">
    <system-out><![CDATA[Initial Seeds: {this := @this: target.exercise2and3.FieldSQLInjection1=[<ZERO>]}
Method :<target.exercise2and3.FieldSQLInjection1: void doGet(target.exercise1.HttpServletRequest)>, Stmt(line:11) this := @this: target.exercise2and3.FieldSQLInjection1, Fact: <ZERO>
Method :<target.exercise2and3.FieldSQLInjection1: void doGet(target.exercise1.HttpServletRequest)>, Stmt(line:11) request := @parameter0: target.exercise1.HttpServletRequest, Fact: <ZERO>
Method :<target.exercise1.HttpServletRequest: java.lang.String getParameter(java.lang.String)>, Stmt(line:6) this := @this: target.exercise1.HttpServletRequest, Fact: <ZERO>
Method :<target.exercise2and3.FieldSQLInjection1: void doGet(target.exercise1.HttpServletRequest)>, Stmt(line:12) $stack8 = new target.exercise2and3.FieldSQLInjection1$ObjectWithTaint, Fact: <ZERO>
Method :<target.exercise2and3.FieldSQLInjection1: void doGet(target.exercise1.HttpServletRequest)>, Stmt(line:12) $stack8 = new target.exercise2and3.FieldSQLInjection1$ObjectWithTaint, Fact: userId
Method :<target.exercise1.HttpServletRequest: java.lang.String getParameter(java.lang.String)>, Stmt(line:6) string := @parameter0: java.lang.String, Fact: <ZERO>
Method :<target.exercise2and3.FieldSQLInjection1: void doGet(target.exercise1.HttpServletRequest)>, Stmt(line:12) specialinvoke $stack8.<target.exercise2and3.FieldSQLInjection1$ObjectWithTaint: void <init>(target.exercise2and3.FieldSQLInjection1$1)>(null), Fact: userId
Method :<target.exercise2and3.FieldSQLInjection1: void doGet(target.exercise1.HttpServletRequest)>, Stmt(line:11) userId = virtualinvoke request.<target.exercise1.HttpServletRequest: java.lang.String getParameter(java.lang.String)>("userId"), Fact: <ZERO>
Method :<target.exercise2and3.FieldSQLInjection1$ObjectWithTaint: void <init>(target.exercise2and3.FieldSQLInjection1$1)>, Stmt(line:25) this := @this: target.exercise2and3.FieldSQLInjection1$ObjectWithTaint, Fact: <ZERO>
Method :<target.exercise2and3.FieldSQLInjection1: void doGet(target.exercise1.HttpServletRequest)>, Stmt(line:12) o = $stack8, Fact: userId
Method :<target.exercise2and3.FieldSQLInjection1: void doGet(target.exercise1.HttpServletRequest)>, Stmt(line:12) o = $stack8, Fact: <ZERO>
Method :<target.exercise2and3.FieldSQLInjection1$ObjectWithTaint: void <init>(target.exercise2and3.FieldSQLInjection1$1)>, Stmt(line:25) x0 := @parameter0: target.exercise2and3.FieldSQLInjection1$1, Fact: <ZERO>
Method :<target.exercise2and3.FieldSQLInjection1: void doGet(target.exercise1.HttpServletRequest)>, Stmt(line:13) $stack8.<target.exercise2and3.FieldSQLInjection1$ObjectWithTaint: java.lang.String userInput> = userId, Fact: <ZERO>
Method :<target.exercise2and3.FieldSQLInjection1$ObjectWithTaint: void <init>()>, Stmt(line:25) this := @this: target.exercise2and3.FieldSQLInjection1$ObjectWithTaint, Fact: <ZERO>
Method :<target.exercise2and3.FieldSQLInjection1: void doGet(target.exercise1.HttpServletRequest)>, Stmt(line:13) $stack8.<target.exercise2and3.FieldSQLInjection1$ObjectWithTaint: java.lang.String userInput> = userId, Fact: userId
Method :<target.exercise2and3.FieldSQLInjection1: void doGet(target.exercise1.HttpServletRequest)>, Stmt(line:12) specialinvoke $stack8.<target.exercise2and3.FieldSQLInjection1$ObjectWithTaint: void <init>(target.exercise2and3.FieldSQLInjection1$1)>(null), Fact: <ZERO>
Method :<target.exercise2and3.FieldSQLInjection1: void doGet(target.exercise1.HttpServletRequest)>, Stmt(line:14) loaded = $stack8.<target.exercise2and3.FieldSQLInjection1$ObjectWithTaint: java.lang.String userInput>, Fact: <ZERO>
Method :<target.exercise2and3.FieldSQLInjection1: void doGet(target.exercise1.HttpServletRequest)>, Stmt(line:14) loaded = $stack8.<target.exercise2and3.FieldSQLInjection1$ObjectWithTaint: java.lang.String userInput>, Fact: userId
Method :<target.exercise2and3.FieldSQLInjection1: void doGet(target.exercise1.HttpServletRequest)>, Stmt(line:14) loaded = $stack8.<target.exercise2and3.FieldSQLInjection1$ObjectWithTaint: java.lang.String userInput>, Fact: FIELDBASED <target.exercise2and3.FieldSQLInjection1$ObjectWithTaint: java.lang.String userInput>
Method :<target.exercise2and3.FieldSQLInjection1$ObjectWithTaint: void <init>()>, Stmt(line:26) this.<target.exercise2and3.FieldSQLInjection1$ObjectWithTaint: java.lang.String userInput> = "noUserInput", Fact: <ZERO>
Method :<target.exercise2and3.FieldSQLInjection1$ObjectWithTaint: void <init>(target.exercise2and3.FieldSQLInjection1$1)>, Stmt(line:25) specialinvoke this.<target.exercise2and3.FieldSQLInjection1$ObjectWithTaint: void <init>()>(), Fact: <ZERO>
Method :<target.exercise2and3.FieldSQLInjection1: void doGet(target.exercise1.HttpServletRequest)>, Stmt(line:18) $stack9 = new java.lang.StringBuilder, Fact: <ZERO>
Method :<target.exercise2and3.FieldSQLInjection1: void doGet(target.exercise1.HttpServletRequest)>, Stmt(line:18) $stack9 = new java.lang.StringBuilder, Fact: loaded
Method :<target.exercise2and3.FieldSQLInjection1: void doGet(target.exercise1.HttpServletRequest)>, Stmt(line:18) $stack9 = new java.lang.StringBuilder, Fact: userId
Method :<target.exercise2and3.FieldSQLInjection1: void doGet(target.exercise1.HttpServletRequest)>, Stmt(line:18) $stack9 = new java.lang.StringBuilder, Fact: FIELDBASED <target.exercise2and3.FieldSQLInjection1$ObjectWithTaint: java.lang.String userInput>
Method :<target.exercise2and3.FieldSQLInjection1: void doGet(target.exercise1.HttpServletRequest)>, Stmt(line:22) goto, Fact: $stack11
Method :<target.exercise2and3.FieldSQLInjection1: void doGet(target.exercise1.HttpServletRequest)>, Stmt(line:22) goto, Fact: query
Method :<target.exercise2and3.FieldSQLInjection1: void doGet(target.exercise1.HttpServletRequest)>, Stmt(line:22) goto, Fact: $stack12
Method :<target.exercise2and3.FieldSQLInjection1: void doGet(target.exercise1.HttpServletRequest)>, Stmt(line:22) goto, Fact: loaded
Method :<target.exercise2and3.FieldSQLInjection1: void doGet(target.exercise1.HttpServletRequest)>, Stmt(line:22) goto, Fact: <ZERO>
Method :<target.exercise2and3.FieldSQLInjection1: void doGet(target.exercise1.HttpServletRequest)>, Stmt(line:22) goto, Fact: FIELDBASED <target.exercise2and3.FieldSQLInjection1$ObjectWithTaint: java.lang.String userInput>
Method :<target.exercise2and3.FieldSQLInjection1: void doGet(target.exercise1.HttpServletRequest)>, Stmt(line:22) goto, Fact: userId
Method :<target.exercise2and3.FieldSQLInjection1: void doGet(target.exercise1.HttpServletRequest)>, Stmt(line:12) specialinvoke $stack8.<target.exercise2and3.FieldSQLInjection1$ObjectWithTaint: void <init>(target.exercise2and3.FieldSQLInjection1$1)>(null), Fact: userId
]]></system-out>
  </testcase>
  <testcase name="fieldSQLInjection2" classname="test.exercises.Exercise2Test" time="0.016">
    <error message="Analysis does not contain the fact &apos;FIELDBASED &lt;target.exercise2and3.FieldSQLInjection2$ObjectWithTaint: java.lang.String userInput&gt;&apos;." type="java.util.NoSuchElementException"><![CDATA[java.util.NoSuchElementException: Analysis does not contain the fact 'FIELDBASED <target.exercise2and3.FieldSQLInjection2$ObjectWithTaint: java.lang.String userInput>'.
	at test.base.TestSetup.assertContainsDataFlowFactAtStmt(TestSetup.java:61)
	at test.exercises.Exercise2Test.fieldSQLInjection2(Exercise2Test.java:40)
	at java.base/jdk.internal.reflect.DirectMethodHandleAccessor.invoke(DirectMethodHandleAccessor.java:103)
	at java.base/java.lang.reflect.Method.invoke(Method.java:580)
	at org.junit.runners.model.FrameworkMethod$1.runReflectiveCall(FrameworkMethod.java:59)
	at org.junit.internal.runners.model.ReflectiveCallable.run(ReflectiveCallable.java:12)
	at org.junit.runners.model.FrameworkMethod.invokeExplosively(FrameworkMethod.java:56)
	at org.junit.internal.runners.statements.InvokeMethod.evaluate(InvokeMethod.java:17)
	at org.junit.internal.runners.statements.RunBefores.evaluate(RunBefores.java:26)
	at org.junit.runners.ParentRunner$3.evaluate(ParentRunner.java:306)
	at org.junit.runners.BlockJUnit4ClassRunner$1.evaluate(BlockJUnit4ClassRunner.java:100)
	at org.junit.runners.ParentRunner.runLeaf(ParentRunner.java:366)
	at org.junit.runners.BlockJUnit4ClassRunner.runChild(BlockJUnit4ClassRunner.java:103)
	at org.junit.runners.BlockJUnit4ClassRunner.runChild(BlockJUnit4ClassRunner.java:63)
	at org.junit.runners.ParentRunner$4.run(ParentRunner.java:331)
	at org.junit.runners.ParentRunner$1.schedule(ParentRunner.java:79)
	at org.junit.runners.ParentRunner.runChildren(ParentRunner.java:329)
	at org.junit.runners.ParentRunner.access$100(ParentRunner.java:66)
	at org.junit.runners.ParentRunner$2.evaluate(ParentRunner.java:293)
	at org.junit.runners.ParentRunner$3.evaluate(ParentRunner.java:306)
	at org.junit.runners.ParentRunner.run(ParentRunner.java:413)
	at org.apache.maven.surefire.junit4.JUnit4Provider.execute(JUnit4Provider.java:316)
	at org.apache.maven.surefire.junit4.JUnit4Provider.executeWithRerun(JUnit4Provider.java:240)
	at org.apache.maven.surefire.junit4.JUnit4Provider.executeTestSet(JUnit4Provider.java:214)
	at org.apache.maven.surefire.junit4.JUnit4Provider.invoke(JUnit4Provider.java:155)
	at org.apache.maven.surefire.booter.ForkedBooter.runSuitesInProcess(ForkedBooter.java:385)
	at org.apache.maven.surefire.booter.ForkedBooter.execute(ForkedBooter.java:162)
	at org.apache.maven.surefire.booter.ForkedBooter.run(ForkedBooter.java:507)
	at org.apache.maven.surefire.booter.ForkedBooter.main(ForkedBooter.java:495)
]]></error>
    <system-out><![CDATA[Initial Seeds: {this := @this: target.exercise2and3.FieldSQLInjection2=[<ZERO>]}
Method :<target.exercise2and3.FieldSQLInjection2: void doGet(target.exercise1.HttpServletRequest)>, Stmt(line:11) this := @this: target.exercise2and3.FieldSQLInjection2, Fact: <ZERO>
Method :<target.exercise2and3.FieldSQLInjection2: void doGet(target.exercise1.HttpServletRequest)>, Stmt(line:11) request := @parameter0: target.exercise1.HttpServletRequest, Fact: <ZERO>
Method :<target.exercise1.HttpServletRequest: java.lang.String getParameter(java.lang.String)>, Stmt(line:6) this := @this: target.exercise1.HttpServletRequest, Fact: <ZERO>
Method :<target.exercise2and3.FieldSQLInjection2: void doGet(target.exercise1.HttpServletRequest)>, Stmt(line:12) $stack4 = new target.exercise2and3.FieldSQLInjection2$ObjectWithTaint, Fact: <ZERO>
Method :<target.exercise2and3.FieldSQLInjection2: void doGet(target.exercise1.HttpServletRequest)>, Stmt(line:12) $stack4 = new target.exercise2and3.FieldSQLInjection2$ObjectWithTaint, Fact: userId
Method :<target.exercise1.HttpServletRequest: java.lang.String getParameter(java.lang.String)>, Stmt(line:6) string := @parameter0: java.lang.String, Fact: <ZERO>
Method :<target.exercise2and3.FieldSQLInjection2: void doGet(target.exercise1.HttpServletRequest)>, Stmt(line:12) specialinvoke $stack4.<target.exercise2and3.FieldSQLInjection2$ObjectWithTaint: void <init>(target.exercise2and3.FieldSQLInjection2$1)>(null), Fact: userId
Method :<target.exercise2and3.FieldSQLInjection2$ObjectWithTaint: void <init>(target.exercise2and3.FieldSQLInjection2$1)>, Stmt(line:29) this := @this: target.exercise2and3.FieldSQLInjection2$ObjectWithTaint, Fact: <ZERO>
Method :<target.exercise2and3.FieldSQLInjection2: void doGet(target.exercise1.HttpServletRequest)>, Stmt(line:11) userId = virtualinvoke request.<target.exercise1.HttpServletRequest: java.lang.String getParameter(java.lang.String)>("userId"), Fact: <ZERO>
Method :<target.exercise2and3.FieldSQLInjection2: void doGet(target.exercise1.HttpServletRequest)>, Stmt(line:12) o = $stack4, Fact: <ZERO>
Method :<target.exercise2and3.FieldSQLInjection2: void doGet(target.exercise1.HttpServletRequest)>, Stmt(line:12) o = $stack4, Fact: userId
Method :<target.exercise2and3.FieldSQLInjection2$ObjectWithTaint: void <init>(target.exercise2and3.FieldSQLInjection2$1)>, Stmt(line:29) x0 := @parameter0: target.exercise2and3.FieldSQLInjection2$1, Fact: <ZERO>
Method :<target.exercise2and3.FieldSQLInjection2: void doGet(target.exercise1.HttpServletRequest)>, Stmt(line:13) $stack4.<target.exercise2and3.FieldSQLInjection2$ObjectWithTaint: java.lang.String userInput> = userId, Fact: <ZERO>
Method :<target.exercise2and3.FieldSQLInjection2$ObjectWithTaint: void <init>()>, Stmt(line:29) this := @this: target.exercise2and3.FieldSQLInjection2$ObjectWithTaint, Fact: <ZERO>
Method :<target.exercise2and3.FieldSQLInjection2: void doGet(target.exercise1.HttpServletRequest)>, Stmt(line:12) specialinvoke $stack4.<target.exercise2and3.FieldSQLInjection2$ObjectWithTaint: void <init>(target.exercise2and3.FieldSQLInjection2$1)>(null), Fact: <ZERO>
Method :<target.exercise2and3.FieldSQLInjection2: void createQuery(target.exercise2and3.FieldSQLInjection2$ObjectWithTaint)>, Stmt(line:18) this := @this: target.exercise2and3.FieldSQLInjection2, Fact: <ZERO>
Method :<target.exercise2and3.FieldSQLInjection2$ObjectWithTaint: void <init>()>, Stmt(line:30) this.<target.exercise2and3.FieldSQLInjection2$ObjectWithTaint: java.lang.String userInput> = "noUserInput", Fact: <ZERO>
Method :<target.exercise2and3.FieldSQLInjection2: void createQuery(target.exercise2and3.FieldSQLInjection2$ObjectWithTaint)>, Stmt(line:-1) $stack10 := @caughtexception, Fact: <ZERO>
Method :<target.exercise2and3.FieldSQLInjection2: void doGet(target.exercise1.HttpServletRequest)>, Stmt(line:13) $stack4.<target.exercise2and3.FieldSQLInjection2$ObjectWithTaint: java.lang.String userInput> = userId, Fact: userId
Method :<target.exercise2and3.FieldSQLInjection2: void createQuery(target.exercise2and3.FieldSQLInjection2$ObjectWithTaint)>, Stmt(line:18) parameter := @parameter0: target.exercise2and3.FieldSQLInjection2$ObjectWithTaint, Fact: <ZERO>
Method :<target.exercise2and3.FieldSQLInjection2$ObjectWithTaint: void <init>(target.exercise2and3.FieldSQLInjection2$1)>, Stmt(line:29) specialinvoke this.<target.exercise2and3.FieldSQLInjection2$ObjectWithTaint: void <init>()>(), Fact: <ZERO>
Method :<target.exercise2and3.FieldSQLInjection2: void createQuery(target.exercise2and3.FieldSQLInjection2$ObjectWithTaint)>, Stmt(line:24) conn#1 = $stack10, Fact: <ZERO>
Method :<target.exercise2and3.FieldSQLInjection2: void createQuery(target.exercise2and3.FieldSQLInjection2$ObjectWithTaint)>, Stmt(line:18) loaded = parameter.<target.exercise2and3.FieldSQLInjection2$ObjectWithTaint: java.lang.String userInput>, Fact: <ZERO>
Method :<target.exercise2and3.FieldSQLInjection2: void doGet(target.exercise1.HttpServletRequest)>, Stmt(line:14) specialinvoke this.<target.exercise2and3.FieldSQLInjection2: void createQuery(target.exercise2and3.FieldSQLInjection2$ObjectWithTaint)>($stack4), Fact: userId
Method :<target.exercise2and3.FieldSQLInjection2: void doGet(target.exercise1.HttpServletRequest)>, Stmt(line:14) specialinvoke this.<target.exercise2and3.FieldSQLInjection2: void createQuery(target.exercise2and3.FieldSQLInjection2$ObjectWithTaint)>($stack4), Fact: FIELDBASED <target.exercise2and3.FieldSQLInjection2$ObjectWithTaint: java.lang.String userInput>
Method :<target.exercise2and3.FieldSQLInjection2: void createQuery(target.exercise2and3.FieldSQLInjection2$ObjectWithTaint)>, Stmt(line:25) $stack11 = <java.lang.System: java.io.PrintStream out>, Fact: <ZERO>
Method :<target.exercise2and3.FieldSQLInjection2: void createQuery(target.exercise2and3.FieldSQLInjection2$ObjectWithTaint)>, Stmt(line:22) $stack6 = new java.lang.StringBuilder, Fact: <ZERO>
Method :<target.exercise2and3.FieldSQLInjection2: void doGet(target.exercise1.HttpServletRequest)>, Stmt(line:14) specialinvoke this.<target.exercise2and3.FieldSQLInjection2: void createQuery(target.exercise2and3.FieldSQLInjection2$ObjectWithTaint)>($stack4), Fact: <ZERO>
Method :<target.exercise2and3.FieldSQLInjection2: void createQuery(target.exercise2and3.FieldSQLInjection2$ObjectWithTaint)>, Stmt(line:26) goto, Fact: <ZERO>
Method :<target.exercise2and3.FieldSQLInjection2: void doGet(target.exercise1.HttpServletRequest)>, Stmt(line:14) specialinvoke this.<target.exercise2and3.FieldSQLInjection2: void createQuery(target.exercise2and3.FieldSQLInjection2$ObjectWithTaint)>($stack4), Fact: userId
Method :<target.exercise2and3.FieldSQLInjection2: void doGet(target.exercise1.HttpServletRequest)>, Stmt(line:14) specialinvoke this.<target.exercise2and3.FieldSQLInjection2: void createQuery(target.exercise2and3.FieldSQLInjection2$ObjectWithTaint)>($stack4), Fact: FIELDBASED <target.exercise2and3.FieldSQLInjection2$ObjectWithTaint: java.lang.String userInput>
Method :<target.exercise2and3.FieldSQLInjection2: void doGet(target.exercise1.HttpServletRequest)>, Stmt(line:12) specialinvoke $stack4.<target.exercise2and3.FieldSQLInjection2$ObjectWithTaint: void <init>(target.exercise2and3.FieldSQLInjection2$1)>(null), Fact: userId
]]></system-out>
  </testcase>
</testsuite>